<?xml version="1.0" encoding="utf-8"?><testsuites name="pytest tests"><testsuite name="pytest" errors="0" failures="0" skipped="0" tests="15" time="2.769" timestamp="2026-02-21T03:08:54.966143+00:00" hostname="agent-env-73947d65-b369-4488-8394-ea8ebb28f87c"><testcase classname="backend.tests.test_news_api.TestHealthAndRoot" name="test_api_root" time="0.216" /><testcase classname="backend.tests.test_news_api.TestNewsEndpoint" name="test_get_news_returns_stories" time="0.318" /><testcase classname="backend.tests.test_news_api.TestNewsEndpoint" name="test_news_story_structure" time="0.112" /><testcase classname="backend.tests.test_news_api.TestNewsEndpoint" name="test_filter_by_country" time="0.364" /><testcase classname="backend.tests.test_news_api.TestNewsEndpoint" name="test_filter_by_priority" time="0.295" /><testcase classname="backend.tests.test_news_api.TestNewsEndpoint" name="test_combined_filters" time="0.106" /><testcase classname="backend.tests.test_news_api.TestNewsEndpoint" name="test_limit_parameter" time="0.153" /><testcase classname="backend.tests.test_news_api.TestStatsEndpoint" name="test_stats_returns_data" time="0.100" /><testcase classname="backend.tests.test_news_api.TestStatsEndpoint" name="test_source_distribution" time="0.094" /><testcase classname="backend.tests.test_news_api.TestStatsEndpoint" name="test_country_distribution" time="0.078" /><testcase classname="backend.tests.test_news_api.TestStatsEndpoint" name="test_priority_distribution" time="0.094" /><testcase classname="backend.tests.test_news_api.TestCountriesEndpoint" name="test_countries_returns_list" time="0.079" /><testcase classname="backend.tests.test_news_api.TestDataQuality" name="test_stories_have_valid_urls" time="0.079" /><testcase classname="backend.tests.test_news_api.TestDataQuality" name="test_stories_sorted_by_relevance" time="0.080" /><testcase classname="backend.tests.test_news_api.TestDataQuality" name="test_regional_countries_have_stories" time="0.492" /></testsuite></testsuites>